Arguments: 
  /home/draco/.nvm/versions/node/v8.11.2/bin/node /usr/share/yarn/bin/yarn.js

PATH: 
  /home/draco/.nvm/versions/node/v8.11.2/bin:/home/draco/.rvm/gems/ruby-2.1.10/bin:/home/draco/.rvm/gems/ruby-2.1.10@global/bin:/home/draco/.rvm/rubies/ruby-2.1.10/bin:/home/draco/bin:/usr/local/sbin:/usr/local/bin:/usr/sbin:/usr/bin:/sbin:/bin:/usr/games:/usr/local/games:/snap/bin:/home/draco/.rvm/bin:./node_modules/.bin:/home/draco/.rvm/bin:/home/draco/bin:/home/draco/.rvm/bin

Yarn version: 
  1.7.0

Node version: 
  8.11.2

Platform: 
  linux x64

Trace: 
  SyntaxError: /home/draco/Projects/Neoskop/phantom/package.json: Unexpected token } in JSON at position 1863
      at JSON.parse (<anonymous>)
      at /usr/share/yarn/lib/cli.js:1130:59
      at Generator.next (<anonymous>)
      at step (/usr/share/yarn/lib/cli.js:98:30)
      at /usr/share/yarn/lib/cli.js:109:13
      at <anonymous>

npm manifest: 
  {
    "name": "@neoskop/phatom",
    "version": "0.0.0",
    "description": "An AOP (aspect oriented programming) framework",
    "main": "bundle/phantom.bundle.js",
    "module": "dist/public_api.js",
    "jsnext:main": "dist/public_api.js",
    "typings": "dist/public_api.d.ts",
    "scripts": {
      "test:raw": "TS_NODE_CACHE=false mocha --require ts-node/register 'src/**.spec.ts'",
      "test:watch": "npm run test:raw -- --watch --watch-extension ts",
      "test:coverage": "rimraf coverage && nyc -e '.ts' -r html -r text npm run test:raw",
      "test": "npm run test:coverage && nyc report -r text-lcov | coveralls",
      "clean": "rimraf lib dist index.d.ts index.js index.js.map",
      "prebuild": "npm run test:coverage",
      "build": "npm run clean && npm run build:tsc && npm run build:rollup",
      "build:tsc": "tsc -p tsconfig.esm.json",
      "build:rollup": "rollup -c rollup.js",
      "prepublishOnly": "npm run build"
    },
    "repository": {
      "type": "git",
      "url": "git+https://github.com/neoskop/phantom.git"
    },
    "keywords": [
      "angular",
      "core",
      "injector",
      "di",
      "aspect",
      "oritened",
      "programming",
      "aspects"
    ],
    "author": "Mark Wecke <mark.wecke@gmail.com>",
    "license": "MIT",
    "bugs": {
      "url": "https://github.com/neoskop/phantom/issues"
    },
    "homepage": "https://github.com/neoskop/phantom#readme",
    "devDependencies": {
      "@angular/core": "^6.0.4",
      "@types/chai": "4.1.3",
      "@types/mocha": "5.2.2",
      "@types/node": "10.3.2",
      "chai": "4.1.2",
      "coveralls": "3.0.1",
      "mocha": "5.2.0",
      "nyc": "12.0.2",
      "reflect-metadata": "0.1.12",
      "rimraf": "2.6.2",
      "rollup": "0.60.4",
      "rollup-plugin-commonjs": "9.1.3",
      "rollup-plugin-node-resolve": "3.3.0",
      "rollup-plugin-sourcemaps": "0.4.2",
      "ts-node": "6.1.1",
      "tslib": "1.9.2",
      "typescript": "2.9.1",
    },
    "nyc": {
      "exclude": [
        "**/*.spec.ts",
        "dist",
        "bundle",
        "src/fixtures.ts"
      ]
    },
    "dependencies": {
      "reflect-metadata": "0.1.12"
    },
    "peerDependencies": {
      "@angular/core": "^5.2.2 || ^6.0.0"
    }
  }

yarn manifest: 
  No manifest

Lockfile: 
  No lockfile
